2024-02-21 00:01:17,176 [ERROR] LogOutputStream:75 - [STDERR_REDIRECT] 
2024-02-21 00:01:36,828 [INFO] Activator:176 - 


2024-02-21 00:01:36,828 [INFO] Activator:177 - !SESSION log4j initialized
2024-02-21 00:01:42,059 [INFO] LogOutputStream:77 - [STDOUT_REDIRECT] 
2024-02-21 00:01:43,287 [INFO] ApplicationProperties:184 - Using Application install path: C:\ST\STM32CubeIDE_1.14.1\STM32CubeIDE\plugins\com.st.stm32cube.common.mx_6.10.0.202311202037
2024-02-21 00:01:43,305 [INFO] DbMcusXml:78 - Set database path to: C:\ST\STM32CubeIDE_1.14.1\STM32CubeIDE\plugins\com.st.stm32cube.common.mx_6.10.0.202311202037\\db\/mcu/
2024-02-21 00:01:43,306 [INFO] ApiDb:274 - Set plugin database path to: C:\ST\STM32CubeIDE_1.14.1\STM32CubeIDE\plugins\com.st.stm32cube.common.mx_6.10.0.202311202037\\db\/plugins/boardmanager/
2024-02-21 00:01:43,306 [WARN] ApiDb:259 - Overriding images path with different value:  => C:\ST\STM32CubeIDE_1.14.1\STM32CubeIDE\plugins\com.st.stm32cube.common.mx_6.10.0.202311202037\\db\/plugins/mcufinder/images/
2024-02-21 00:01:43,311 [INFO] ApiDb:250 - Set database path to: C:\Users\said_\.stmcufinder\plugins\mcufinder//mcu/
2024-02-21 00:01:43,312 [INFO] DbMcusAds:125 - Set database path to: C:\Users\said_\.stmcufinder\plugins\mcufinder//mcu/
2024-02-21 00:01:43,314 [INFO] CrossReferenceDbSqlite:203 - Set database path to: C:\Users\said_\.stmcufinder\plugins\mcufinder//mcu/cs/
2024-02-21 00:01:43,428 [INFO] RulesReader:64 - Compatibility file has been processed (297 Rules)
2024-02-21 00:01:43,497 [INFO] DbMcusXml:78 - Set database path to: C:\ST\STM32CubeIDE_1.14.1\STM32CubeIDE\plugins\com.st.stm32cube.common.mx_6.10.0.202311202037\\db\/mcu/
2024-02-21 00:01:43,497 [INFO] ApiDb:274 - Set plugin database path to: C:\ST\STM32CubeIDE_1.14.1\STM32CubeIDE\plugins\com.st.stm32cube.common.mx_6.10.0.202311202037\\db\/plugins/boardmanager/
2024-02-21 00:01:43,497 [INFO] ApiDb:261 - Set plugin images path to: C:\ST\STM32CubeIDE_1.14.1\STM32CubeIDE\plugins\com.st.stm32cube.common.mx_6.10.0.202311202037\\db\/plugins/mcufinder/images/
2024-02-21 00:01:43,497 [WARN] DbFile:41 - Overriding database path with different value: C:\Users\said_\.stmcufinder\plugins\mcufinder/ => C:\Users\said_\.stmcufinder\plugins\mcufinder
2024-02-21 00:01:43,498 [INFO] ApiDb:250 - Set database path to: C:\Users\said_\.stmcufinder\plugins\mcufinder//mcu/
2024-02-21 00:01:43,498 [WARN] DbFile:41 - Overriding database path with different value: C:\Users\said_\.stmcufinder\plugins\mcufinder/ => C:\Users\said_\.stmcufinder\plugins\mcufinder
2024-02-21 00:01:43,498 [INFO] DbMcusAds:125 - Set database path to: C:\Users\said_\.stmcufinder\plugins\mcufinder//mcu/
2024-02-21 00:01:43,498 [WARN] DbFile:41 - Overriding database path with different value: C:\Users\said_\.stmcufinder\plugins\mcufinder/ => C:\Users\said_\.stmcufinder\plugins\mcufinder
2024-02-21 00:01:43,498 [WARN] DbFile:41 - Overriding database path with different value: C:\Users\said_\.stmcufinder\plugins\mcufinder/ => C:\Users\said_\.stmcufinder\plugins\mcufinder
2024-02-21 00:01:43,498 [INFO] CrossReferenceDbSqlite:203 - Set database path to: C:\Users\said_\.stmcufinder\plugins\mcufinder//mcu/cs/
2024-02-21 00:01:43,564 [INFO] MainPanel:264 - HeapMemory: 268435456
2024-02-21 00:01:43,631 [INFO] DbMcusXml:78 - Set database path to: C:\ST\STM32CubeIDE_1.14.1\STM32CubeIDE\plugins\com.st.stm32cube.common.mx_6.10.0.202311202037\\db\/mcu/
2024-02-21 00:01:43,631 [INFO] ApiDb:274 - Set plugin database path to: C:\ST\STM32CubeIDE_1.14.1\STM32CubeIDE\plugins\com.st.stm32cube.common.mx_6.10.0.202311202037\\db\/plugins/boardmanager/
2024-02-21 00:01:43,631 [INFO] ApiDb:261 - Set plugin images path to: C:\ST\STM32CubeIDE_1.14.1\STM32CubeIDE\plugins\com.st.stm32cube.common.mx_6.10.0.202311202037\\db\/plugins/mcufinder/images/
2024-02-21 00:01:43,632 [WARN] DbFile:41 - Overriding database path with different value: C:\Users\said_\.stmcufinder\plugins\mcufinder/ => C:\Users\said_\.stmcufinder\plugins\mcufinder
2024-02-21 00:01:43,632 [INFO] ApiDb:250 - Set database path to: C:\Users\said_\.stmcufinder\plugins\mcufinder//mcu/
2024-02-21 00:01:43,632 [WARN] DbFile:41 - Overriding database path with different value: C:\Users\said_\.stmcufinder\plugins\mcufinder/ => C:\Users\said_\.stmcufinder\plugins\mcufinder
2024-02-21 00:01:43,632 [INFO] DbMcusAds:125 - Set database path to: C:\Users\said_\.stmcufinder\plugins\mcufinder//mcu/
2024-02-21 00:01:43,633 [WARN] DbFile:41 - Overriding database path with different value: C:\Users\said_\.stmcufinder\plugins\mcufinder/ => C:\Users\said_\.stmcufinder\plugins\mcufinder
2024-02-21 00:01:43,633 [WARN] DbFile:41 - Overriding database path with different value: C:\Users\said_\.stmcufinder\plugins\mcufinder/ => C:\Users\said_\.stmcufinder\plugins\mcufinder
2024-02-21 00:01:43,633 [INFO] CrossReferenceDbSqlite:203 - Set database path to: C:\Users\said_\.stmcufinder\plugins\mcufinder//mcu/cs/
2024-02-21 00:01:43,649 [INFO] ApplicationProperties:184 - Using Application install path: C:\ST\STM32CubeIDE_1.14.1\STM32CubeIDE\plugins\com.st.stm32cube.common.mx_6.10.0.202311202037
2024-02-21 00:01:43,651 [INFO] PluginManage:196 - Search for loadable plugins [exclusion list=, ]
2024-02-21 00:01:43,652 [INFO] PluginManage:310 - Check plugin analytics
2024-02-21 00:01:43,839 [INFO] AnalyticsPlugin:253 - Accepted Software Licenses: 
2024-02-21 00:01:43,839 [INFO] AnalyticsPlugin:255 - Accepted CMSIS Pack Licenses: 
2024-02-21 00:01:43,840 [INFO] AnalyticsPlugin:257 - Accepted Firmware Licenses: FW.F4.1.28.0
2024-02-21 00:01:43,843 [INFO] PluginManage:359 - Loaded plugin analytics (category:tool,tabindex:-1)
2024-02-21 00:01:43,844 [INFO] PluginManage:310 - Check plugin cadmodel
2024-02-21 00:01:43,856 [INFO] CADModel:105 - Init CAD model plugin
2024-02-21 00:01:43,856 [INFO] PluginManage:359 - Loaded plugin cadmodel (category:power,tabindex:5)
2024-02-21 00:01:43,857 [INFO] PluginManage:310 - Check plugin clock
2024-02-21 00:01:43,875 [INFO] PluginManage:359 - Loaded plugin clock (category:base,tabindex:2)
2024-02-21 00:01:43,875 [INFO] PluginManage:310 - Check plugin ddr
2024-02-21 00:01:43,878 [INFO] PluginManage:359 - Loaded plugin ddr (category:tool,tabindex:6)
2024-02-21 00:01:43,878 [INFO] PluginManage:310 - Check plugin filemanager
2024-02-21 00:01:44,038 [INFO] PluginManage:359 - Loaded plugin filemanager (category:base,tabindex:10)
2024-02-21 00:01:44,038 [INFO] PluginManage:310 - Check plugin ipmanager
2024-02-21 00:01:44,046 [INFO] PluginManage:359 - Loaded plugin ipmanager (category:base,tabindex:5)
2024-02-21 00:01:44,047 [INFO] PluginManage:310 - Check plugin lpbam
2024-02-21 00:01:44,062 [INFO] PluginManage:359 - Loaded plugin lpbam (category:base,tabindex:0)
2024-02-21 00:01:44,062 [INFO] PluginManage:310 - Check plugin memorymap
2024-02-21 00:01:44,081 [INFO] PluginManage:359 - Loaded plugin memorymap (category:base,tabindex:4)
2024-02-21 00:01:44,082 [INFO] PluginManage:310 - Check plugin pinoutandconfiguration
2024-02-21 00:01:44,097 [INFO] PluginManage:359 - Loaded plugin pinoutandconfiguration (category:base,tabindex:1)
2024-02-21 00:01:44,097 [INFO] PluginManage:310 - Check plugin pinoutconfig
2024-02-21 00:01:44,184 [WARN] SupportedApi:132 - Cannot load RTOS API schema: s4s-elt-must-match.1: The content of 'definitions' must match (annotation?, (simpleType | complexType)?, (unique | key | keyref)*)). A problem was found starting at: attribute.
2024-02-21 00:01:44,308 [INFO] PluginManage:359 - Loaded plugin pinoutconfig (category:base,tabindex:0)
2024-02-21 00:01:44,308 [INFO] PluginManage:310 - Check plugin power
2024-02-21 00:01:44,325 [INFO] PluginManage:359 - Loaded plugin power (category:power,tabindex:4)
2024-02-21 00:01:44,325 [INFO] PluginManage:310 - Check plugin projectmanager
2024-02-21 00:01:44,345 [INFO] PluginManage:359 - Loaded plugin projectmanager (category:projectmanager,tabindex:3)
2024-02-21 00:01:44,345 [INFO] PluginManage:310 - Check plugin thirdparty
2024-02-21 00:01:44,612 [INFO] PluginManage:359 - Loaded plugin thirdparty (category:base,tabindex:-1)
2024-02-21 00:01:44,612 [INFO] PluginManage:310 - Check plugin tools
2024-02-21 00:01:44,612 [WARN] IntegrityCheckThread:84 - waiting for thirdparty lock release [integrity check]
2024-02-21 00:01:44,613 [INFO] IntegrityCheckThread:86 - entering critical section [integrity check]
2024-02-21 00:01:44,613 [INFO] ThirdPartyUpdaterWithRetryManager:70 - Updater plugin not ready yet. [1/15]
2024-02-21 00:01:44,648 [INFO] PluginManage:359 - Loaded plugin tools (category:base,tabindex:7)
2024-02-21 00:01:44,649 [INFO] PluginManage:310 - Check plugin tutovideos
2024-02-21 00:01:44,808 [INFO] PluginManage:359 - Loaded plugin tutovideos (category:base,tabindex:-1)
2024-02-21 00:01:44,808 [INFO] PluginManage:310 - Check plugin updater
2024-02-21 00:01:44,818 [INFO] PluginManage:359 - Loaded plugin updater (category:base,tabindex:12)
2024-02-21 00:01:44,818 [INFO] PluginManage:310 - Check plugin userauth
2024-02-21 00:01:44,823 [INFO] UserAuth:114 - Init User Auth plugin
2024-02-21 00:01:44,823 [INFO] PluginManage:359 - Loaded plugin userauth (category:base,tabindex:14)
2024-02-21 00:01:44,824 [INFO] PluginManage:283 - PluginManage : Loaded plugins [17]
2024-02-21 00:01:45,034 [INFO] PinOutPanel:1499 - setPackage(No Configuration,No Configuration)
2024-02-21 00:01:45,116 [INFO] CADModel:165 - CPN selected for project level
2024-02-21 00:01:45,116 [INFO] CADModel:114 - Register for checkConnection events
2024-02-21 00:01:45,143 [INFO] IPUIPlugin:80 - create IPUIPlugin
2024-02-21 00:01:45,143 [INFO] PluginManager:220 - loadIPPluginJar : add adc
2024-02-21 00:01:45,176 [INFO] IPUIPlugin:80 - create IPUIPlugin
2024-02-21 00:01:45,176 [INFO] PluginManager:220 - loadIPPluginJar : add aes
2024-02-21 00:01:45,213 [INFO] IPUIPlugin:80 - create IPUIPlugin
2024-02-21 00:01:45,213 [INFO] PluginManager:220 - loadIPPluginJar : add can
2024-02-21 00:01:45,233 [INFO] IPUIPlugin:80 - create IPUIPlugin
2024-02-21 00:01:45,233 [INFO] PluginManager:220 - loadIPPluginJar : add comp
2024-02-21 00:01:45,263 [INFO] IPUIPlugin:80 - create IPUIPlugin
2024-02-21 00:01:45,263 [INFO] PluginManager:220 - loadIPPluginJar : add cryp
2024-02-21 00:01:45,291 [INFO] IPUIPlugin:80 - create IPUIPlugin
2024-02-21 00:01:45,291 [INFO] PluginManager:220 - loadIPPluginJar : add dfsdm
2024-02-21 00:01:45,304 [INFO] IPUIPlugin:80 - create IPUIPlugin
2024-02-21 00:01:45,305 [INFO] PluginManager:220 - loadIPPluginJar : add dma
2024-02-21 00:01:45,345 [INFO] IPUIPlugin:80 - create IPUIPlugin
2024-02-21 00:01:45,345 [INFO] PluginManager:220 - loadIPPluginJar : add dma3
2024-02-21 00:01:45,362 [INFO] IPUIPlugin:80 - create IPUIPlugin
2024-02-21 00:01:45,362 [INFO] PluginManager:220 - loadIPPluginJar : add fatfs
2024-02-21 00:01:45,403 [INFO] IPUIPlugin:80 - create IPUIPlugin
2024-02-21 00:01:45,403 [INFO] PluginManager:220 - loadIPPluginJar : add fmc
2024-02-21 00:01:45,416 [INFO] IPUIPlugin:80 - create IPUIPlugin
2024-02-21 00:01:45,416 [INFO] PluginManager:220 - loadIPPluginJar : add freertos
2024-02-21 00:01:45,434 [INFO] IPUIPlugin:80 - create IPUIPlugin
2024-02-21 00:01:45,434 [INFO] PluginManager:220 - loadIPPluginJar : add genericplugin
2024-02-21 00:01:45,521 [INFO] IPUIPlugin:80 - create IPUIPlugin
2024-02-21 00:01:45,521 [INFO] PluginManager:220 - loadIPPluginJar : add gfxmmu
2024-02-21 00:01:45,633 [INFO] IPUIPlugin:80 - create IPUIPlugin
2024-02-21 00:01:45,633 [INFO] PluginManager:220 - loadIPPluginJar : add gic
2024-02-21 00:01:45,649 [INFO] IPUIPlugin:80 - create IPUIPlugin
2024-02-21 00:01:45,649 [INFO] PluginManager:220 - loadIPPluginJar : add gpio
2024-02-21 00:01:45,727 [INFO] IPUIPlugin:80 - create IPUIPlugin
2024-02-21 00:01:45,727 [INFO] PluginManager:220 - loadIPPluginJar : add gtzc
2024-02-21 00:01:45,759 [INFO] IPUIPlugin:80 - create IPUIPlugin
2024-02-21 00:01:45,759 [INFO] PluginManager:220 - loadIPPluginJar : add hash
2024-02-21 00:01:45,806 [INFO] IPUIPlugin:80 - create IPUIPlugin
2024-02-21 00:01:45,806 [INFO] PluginManager:220 - loadIPPluginJar : add i2c
2024-02-21 00:01:45,837 [INFO] IPUIPlugin:80 - create IPUIPlugin
2024-02-21 00:01:45,837 [INFO] PluginManager:220 - loadIPPluginJar : add i2s
2024-02-21 00:01:45,868 [INFO] IPUIPlugin:80 - create IPUIPlugin
2024-02-21 00:01:45,868 [INFO] PluginManager:220 - loadIPPluginJar : add i3c
2024-02-21 00:01:45,963 [INFO] IPUIPlugin:80 - create IPUIPlugin
2024-02-21 00:01:45,963 [INFO] PluginManager:220 - loadIPPluginJar : add ipddr
2024-02-21 00:01:46,057 [INFO] IPUIPlugin:80 - create IPUIPlugin
2024-02-21 00:01:46,057 [INFO] PluginManager:220 - loadIPPluginJar : add linkedlist
2024-02-21 00:01:46,088 [INFO] IPUIPlugin:80 - create IPUIPlugin
2024-02-21 00:01:46,088 [INFO] PluginManager:220 - loadIPPluginJar : add lorawan
2024-02-21 00:01:46,120 [INFO] IPUIPlugin:80 - create IPUIPlugin
2024-02-21 00:01:46,120 [INFO] PluginManager:220 - loadIPPluginJar : add ltdc
2024-02-21 00:01:46,120 [INFO] IPUIPlugin:80 - create IPUIPlugin
2024-02-21 00:01:46,120 [INFO] PluginManager:220 - loadIPPluginJar : add mdma
2024-02-21 00:01:46,157 [INFO] IPUIPlugin:80 - create IPUIPlugin
2024-02-21 00:01:46,157 [INFO] PluginManager:220 - loadIPPluginJar : add nvic
2024-02-21 00:01:46,189 [INFO] IPUIPlugin:80 - create IPUIPlugin
2024-02-21 00:01:46,189 [INFO] PluginManager:220 - loadIPPluginJar : add opamp
2024-02-21 00:01:46,236 [INFO] IPUIPlugin:80 - create IPUIPlugin
2024-02-21 00:01:46,236 [INFO] PluginManager:220 - loadIPPluginJar : add openamp
2024-02-21 00:01:46,268 [INFO] IPUIPlugin:80 - create IPUIPlugin
2024-02-21 00:01:46,268 [INFO] PluginManager:220 - loadIPPluginJar : add pdm2pcm
2024-02-21 00:01:46,284 [INFO] IPUIPlugin:80 - create IPUIPlugin
2024-02-21 00:01:46,284 [INFO] PluginManager:220 - loadIPPluginJar : add plateformsettings
2024-02-21 00:01:46,316 [INFO] IPUIPlugin:80 - create IPUIPlugin
2024-02-21 00:01:46,316 [INFO] PluginManager:220 - loadIPPluginJar : add quadspi
2024-02-21 00:01:46,331 [INFO] IPUIPlugin:80 - create IPUIPlugin
2024-02-21 00:01:46,331 [INFO] PluginManager:220 - loadIPPluginJar : add resmgrutility
2024-02-21 00:01:46,363 [INFO] IPUIPlugin:80 - create IPUIPlugin
2024-02-21 00:01:46,363 [INFO] PluginManager:220 - loadIPPluginJar : add sai
2024-02-21 00:01:46,410 [INFO] IPUIPlugin:80 - create IPUIPlugin
2024-02-21 00:01:46,410 [INFO] PluginManager:220 - loadIPPluginJar : add spi
2024-02-21 00:01:46,457 [INFO] IPUIPlugin:80 - create IPUIPlugin
2024-02-21 00:01:46,457 [INFO] PluginManager:220 - loadIPPluginJar : add stm32_wpan
2024-02-21 00:01:46,488 [INFO] IPUIPlugin:80 - create IPUIPlugin
2024-02-21 00:01:46,488 [INFO] PluginManager:220 - loadIPPluginJar : add tim
2024-02-21 00:01:46,536 [INFO] IPUIPlugin:80 - create IPUIPlugin
2024-02-21 00:01:46,536 [INFO] PluginManager:220 - loadIPPluginJar : add touchsensing
2024-02-21 00:01:46,552 [INFO] IPUIPlugin:80 - create IPUIPlugin
2024-02-21 00:01:46,552 [INFO] PluginManager:220 - loadIPPluginJar : add tracer_emb
2024-02-21 00:01:46,568 [INFO] IPUIPlugin:80 - create IPUIPlugin
2024-02-21 00:01:46,568 [INFO] PluginManager:220 - loadIPPluginJar : add ts
2024-02-21 00:01:46,584 [INFO] IPUIPlugin:80 - create IPUIPlugin
2024-02-21 00:01:46,584 [INFO] PluginManager:220 - loadIPPluginJar : add tsc
2024-02-21 00:01:46,615 [INFO] IPUIPlugin:80 - create IPUIPlugin
2024-02-21 00:01:46,615 [INFO] PluginManager:220 - loadIPPluginJar : add ucpd
2024-02-21 00:01:46,647 [INFO] IPUIPlugin:80 - create IPUIPlugin
2024-02-21 00:01:46,647 [INFO] PluginManager:220 - loadIPPluginJar : add usart
2024-02-21 00:01:46,693 [INFO] IPUIPlugin:80 - create IPUIPlugin
2024-02-21 00:01:46,693 [INFO] PluginManager:220 - loadIPPluginJar : add usbx
2024-02-21 00:01:46,824 [INFO] CADModel:165 - CPN selected for project level
2024-02-21 00:01:46,824 [INFO] CADModel:114 - Register for checkConnection events
2024-02-21 00:01:46,824 [FATAL] Updater:308 - Updater called before beeing initialized
2024-02-21 00:01:46,824 [ERROR] CADModel:125 - Updater not yet initialized, retry later 
2024-02-21 00:01:46,973 [INFO] CADModel:165 - CPN selected for project level
2024-02-21 00:01:46,973 [INFO] CADModel:114 - Register for checkConnection events
2024-02-21 00:01:46,973 [FATAL] Updater:308 - Updater called before beeing initialized
2024-02-21 00:01:46,973 [ERROR] CADModel:125 - Updater not yet initialized, retry later 
2024-02-21 00:01:46,973 [FATAL] Updater:308 - Updater called before beeing initialized
2024-02-21 00:01:47,067 [FATAL] Updater:308 - Updater called before beeing initialized
2024-02-21 00:01:47,082 [INFO] DbMcusAds:53 - JSON generation date=Wed Nov 29 13:52:27 TRT 2023 (1701255147349)
2024-02-21 00:01:47,082 [FATAL] Updater:308 - Updater called before beeing initialized
2024-02-21 00:01:47,130 [WARN] DetailPanel:346 - Failed to get advertising image, set to default
2024-02-21 00:01:47,208 [FATAL] Updater:308 - Updater called before beeing initialized
2024-02-21 00:01:47,208 [FATAL] Updater:308 - Updater called before beeing initialized
2024-02-21 00:01:47,208 [FATAL] Updater:308 - Updater called before beeing initialized
2024-02-21 00:01:47,208 [WARN] DetailPanel:346 - Failed to get advertising image, set to default
2024-02-21 00:01:47,208 [FATAL] Updater:308 - Updater called before beeing initialized
2024-02-21 00:01:47,271 [ERROR] Updater:1120 - MainUpdater not yet initialized. External WinMGr cannot be set.
2024-02-21 00:01:47,286 [INFO] Updater:1056 - Updater Version found : 6.10.0
2024-02-21 00:01:47,308 [INFO] ApplicationProperties:184 - Using Application install path: C:\ST\STM32CubeIDE_1.14.1\STM32CubeIDE\plugins\com.st.stm32cube.common.mx_6.10.0.202311202037
2024-02-21 00:01:47,617 [INFO] ThirdPartyUpdaterWithRetryManager:70 - Updater plugin not ready yet. [2/15]
2024-02-21 00:01:48,919 [ERROR] LogOutputStream:75 - [STDERR_REDIRECT] Feb 21, 2024 12:01:48 AM java.util.prefs.WindowsPreferences <init>
2024-02-21 00:01:48,919 [ERROR] LogOutputStream:75 - [STDERR_REDIRECT] WARNING: Could not open/create prefs root node Software\JavaSoft\Prefs at root 0xffffffff80000002. Windows RegCreateKeyEx(...) returned error code 5.
2024-02-21 00:01:48,919 [ERROR] LogOutputStream:75 - [STDERR_REDIRECT] 
2024-02-21 00:01:49,340 [INFO] MainUpdater:2873 - connection check result : 10
2024-02-21 00:01:49,340 [INFO] MainUpdater:290 - Updater Check For Update Now.
2024-02-21 00:01:49,340 [INFO] MicroXplorer:498 - Change Database Version : DB.6.0.100
2024-02-21 00:01:49,356 [INFO] McuFinderGlobals:63 - Set McuFinder mode to 2 (CubeIDE integrated)
2024-02-21 00:01:49,356 [INFO] UserAuth:180 - activating auth plugin
2024-02-21 00:01:49,368 [INFO] UserAuth:404 - Internet connection configuration mode: 1
2024-02-21 00:01:49,384 [INFO] JxBrowserEngine:152 - Initiate JxBrowser Engine with user profile folder
2024-02-21 00:01:49,543 [INFO] CheckServerUpdateThread:120 - End of CheckServer Thread
2024-02-21 00:01:50,750 [WARN] PackLoader:240 - Cannot read IP mode file for STMicroelectronics.X-CUBE-SMBUS.2.1.0
2024-02-21 00:01:50,766 [WARN] PackLoader:240 - Cannot read IP mode file for STMicroelectronics.X-CUBE-TOUCHGFX.4.23.0
2024-02-21 00:01:50,817 [WARN] PackLoader:240 - Cannot read IP mode file for STMicroelectronics.X-CUBE-AZRTOS-F7.1.1.0
2024-02-21 00:01:50,829 [WARN] PackLoader:240 - Cannot read IP mode file for STMicroelectronics.FP-SNS-MOTENV1.4.3.2
2024-02-21 00:01:50,844 [WARN] PackLoader:240 - Cannot read IP mode file for STMicroelectronics.FP-SNS-FLIGHT1.5.0.2
2024-02-21 00:01:50,860 [WARN] PackLoader:240 - Cannot read IP mode file for STMicroelectronics.X-CUBE-DISPLAY.3.0.0
2024-02-21 00:01:50,891 [WARN] PackLoader:240 - Cannot read IP mode file for STMicroelectronics.X-CUBE-BLE1.7.0.0
2024-02-21 00:01:50,891 [WARN] PackLoader:240 - Cannot read IP mode file for emotas.I-CUBE-CANOPEN.1.3.0
2024-02-21 00:01:50,917 [WARN] PackLoader:240 - Cannot read IP mode file for STMicroelectronics.FP-SNS-SMARTAG2.1.2.0
2024-02-21 00:01:50,923 [INFO] LogOutputStream:77 - [STDOUT_REDIRECT] 1 : Invalid condition id : UX_CORESTACK_Condition cause : null
2024-02-21 00:01:50,939 [INFO] LogOutputStream:77 - [STDOUT_REDIRECT] 1 : Invalid condition id : UX_CORESTACK_Condition cause : null
2024-02-21 00:01:50,939 [INFO] LogOutputStream:77 - [STDOUT_REDIRECT] 1 : Invalid condition id : UX_CORESTACK_Condition cause : null
2024-02-21 00:01:50,939 [INFO] LogOutputStream:77 - [STDOUT_REDIRECT] 1 : Invalid condition id : UX_CORESTACK_Condition cause : null
2024-02-21 00:01:50,939 [INFO] LogOutputStream:77 - [STDOUT_REDIRECT] 1 : Invalid condition id : UX_CORESTACK_Condition cause : null
2024-02-21 00:01:50,939 [WARN] PackLoader:240 - Cannot read IP mode file for STMicroelectronics.X-CUBE-AZRTOS-WL.2.0.0
2024-02-21 00:01:50,954 [WARN] PackLoader:240 - Cannot read IP mode file for WES.I-CUBE-Cesium.1.3.0
2024-02-21 00:01:50,970 [WARN] PackLoader:240 - Cannot read IP mode file for STMicroelectronics.X-CUBE-BLE2.3.3.0
2024-02-21 00:01:50,985 [WARN] PackLoader:240 - Cannot read IP mode file for STMicroelectronics.X-CUBE-ALGOBUILD.1.3.0
2024-02-21 00:01:51,018 [WARN] PackLoader:240 - Cannot read IP mode file for STMicroelectronics.X-CUBE-AZRTOS-G0.1.1.0
2024-02-21 00:01:51,033 [WARN] PackLoader:240 - Cannot read IP mode file for STMicroelectronics.X-CUBE-NFC4.3.0.0
2024-02-21 00:01:51,049 [WARN] PackLoader:240 - Cannot read IP mode file for STMicroelectronics.X-CUBE-BLEMGR.3.0.0
2024-02-21 00:01:51,064 [WARN] PackLoader:240 - Cannot read IP mode file for STMicroelectronics.FP-ATR-SIGFOX1.3.2.0
2024-02-21 00:01:51,080 [WARN] PackLoader:240 - Cannot read IP mode file for STMicroelectronics.X-CUBE-EEPRMA1.5.1.0
2024-02-21 00:01:51,111 [WARN] PackLoader:240 - Cannot read IP mode file for SEGGER.I-CUBE-embOS.1.3.1
2024-02-21 00:01:51,159 [WARN] PackLoader:240 - Cannot read IP mode file for STMicroelectronics.X-CUBE-GNSS1.6.0.0
2024-02-21 00:01:51,185 [WARN] PackLoader:240 - Cannot read IP mode file for STMicroelectronics.X-CUBE-AZRTOS-F4.1.1.0
2024-02-21 00:01:51,200 [WARN] PackLoader:240 - Cannot read IP mode file for wolfSSL.I-CUBE-wolfSSL.5.6.6
2024-02-21 00:01:51,232 [WARN] PackLoader:240 - Cannot read IP mode file for STMicroelectronics.X-CUBE-AZRTOS-L5.2.0.0
2024-02-21 00:01:51,263 [WARN] PackLoader:240 - Cannot read IP mode file for ITTIA_DB.I-CUBE-ITTIADB.8.8.0
2024-02-21 00:01:51,279 [WARN] PackLoader:240 - Cannot read IP mode file for STMicroelectronics.X-CUBE-NFC7.1.0.1
2024-02-21 00:01:51,310 [WARN] PackLoader:240 - Cannot read IP mode file for STMicroelectronics.X-CUBE-NFC6.3.0.0
2024-02-21 00:01:51,321 [WARN] PackLoader:240 - Cannot read IP mode file for STMicroelectronics.X-CUBE-AI.8.1.0
2024-02-21 00:01:51,375 [WARN] ConditionMgr:438 - getConditionDescription Invalid condition id : LAN8742 Phy interface Condition cause : null
2024-02-21 00:01:51,376 [WARN] PackLoader:240 - Cannot read IP mode file for STMicroelectronics.X-CUBE-AZRTOS-L4.2.0.0
2024-02-21 00:01:51,378 [WARN] ConditionMgr:1039 - genDependencies : Invalid condition id : LAN8742 Phy interface Condition cause : null
2024-02-21 00:01:51,379 [WARN] ConditionMgr:1039 - genDependencies : Invalid condition id : LAN8742 Phy interface Condition cause : null
2024-02-21 00:01:51,380 [WARN] ConditionMgr:1039 - genDependencies : Invalid condition id : LAN8742 Phy interface Condition cause : null
2024-02-21 00:01:51,398 [WARN] PackLoader:240 - Cannot read IP mode file for STMicroelectronics.X-CUBE-SFXS2LP1.4.0.0
2024-02-21 00:01:51,425 [WARN] ConditionMgr:438 - getConditionDescription Invalid condition id : UX DEVICE CLASS RTOS Condition cause : null
2024-02-21 00:01:51,425 [WARN] ConditionMgr:438 - getConditionDescription Invalid condition id : UX DEVICE CLASS RTOS Condition cause : null
2024-02-21 00:01:51,427 [WARN] PackLoader:240 - Cannot read IP mode file for STMicroelectronics.X-CUBE-AZRTOS-WB.2.0.0
2024-02-21 00:01:51,428 [WARN] ConditionMgr:1039 - genDependencies : Invalid condition id : UX DEVICE CLASS RTOS Condition cause : null
2024-02-21 00:01:51,428 [WARN] ConditionMgr:1039 - genDependencies : Invalid condition id : UX DEVICE CLASS RTOS Condition cause : null
2024-02-21 00:01:51,429 [WARN] ConditionMgr:1039 - genDependencies : Invalid condition id : UX DEVICE CLASS RTOS Condition cause : null
2024-02-21 00:01:51,429 [WARN] ConditionMgr:1039 - genDependencies : Invalid condition id : UX DEVICE CLASS RTOS Condition cause : null
2024-02-21 00:01:51,429 [WARN] ConditionMgr:1039 - genDependencies : Invalid condition id : UX DEVICE CLASS RTOS Condition cause : null
2024-02-21 00:01:51,448 [WARN] PackLoader:240 - Cannot read IP mode file for STMicroelectronics.X-CUBE-SUBG2.5.0.0
2024-02-21 00:01:51,477 [WARN] PackLoader:240 - Cannot read IP mode file for STMicroelectronics.X-CUBE-AZRTOS-G4.2.0.0
2024-02-21 00:01:51,499 [WARN] PackLoader:240 - Cannot read IP mode file for Infineon.AIROC-Wi-Fi-Bluetooth-STM32.1.5.1
2024-02-21 00:01:51,511 [WARN] PackLoader:240 - Cannot read IP mode file for STMicroelectronics.FP-SNS-MOTENVWB1.1.3.1
2024-02-21 00:01:51,520 [INFO] WebApp:161 - Instantiating new browser for Auth
2024-02-21 00:01:51,521 [WARN] PackLoader:240 - Cannot read IP mode file for STMicroelectronics.X-CUBE-ISPU.2.0.0
2024-02-21 00:01:51,575 [WARN] PackLoader:240 - Cannot read IP mode file for STMicroelectronics.X-CUBE-MEMS1.10.0.0
2024-02-21 00:01:51,700 [WARN] PackLoader:240 - Cannot read IP mode file for STMicroelectronics.X-CUBE-FREERTOS.1.1.0
2024-02-21 00:01:51,722 [WARN] PackLoader:240 - Cannot read IP mode file for portGmbH.I-Cube-SoM-uGOAL.1.1.0
2024-02-21 00:01:51,733 [WARN] PackLoader:240 - Cannot read IP mode file for STMicroelectronics.X-CUBE-ALS.1.0.1
2024-02-21 00:01:51,748 [WARN] PackLoader:240 - Cannot read IP mode file for STMicroelectronics.FP-ATR-ASTRA1.2.0.0
2024-02-21 00:01:51,763 [WARN] PackLoader:240 - Cannot read IP mode file for STMicroelectronics.X-CUBE-TOF1.3.4.0
2024-02-21 00:01:51,815 [WARN] PackLoader:240 - Cannot read IP mode file for STMicroelectronics.X-CUBE-AZRTOS-H7.3.2.0
2024-02-21 00:01:51,818 [INFO] ThirdParty:978 - Integrity check success = true
2024-02-21 00:01:51,818 [INFO] IntegrityCheckThread:100 - exiting critical section [integrity check]
2024-02-21 00:01:51,818 [INFO] IntegrityCheckThread:103 - End integrity checks thread
2024-02-21 00:01:52,234 [INFO] WebApp:780 - Register for checkConnection events
2024-02-21 00:01:52,234 [INFO] WebApp:414 - Apply proxy settings
2024-02-21 00:01:52,234 [INFO] WebApp:499 - Chromium requires no authentication
2024-02-21 00:01:52,254 [INFO] WebApp:442 - Direct internet connection detected
2024-02-21 00:01:52,439 [INFO] WebApp:192 - Starting web application
2024-02-21 00:01:52,439 [INFO] WebApp:544 - Web application path used C:\ST\STM32CubeIDE_1.14.1\STM32CubeIDE\plugins\com.st.stm32cube.common.mx_6.10.0.202311202037\db\plugins\mcufinder\reactClient1\index.html
2024-02-21 00:02:13,217 [ERROR] LogOutputStream:75 - [STDERR_REDIRECT] SLF4J: Failed to load class "org.slf4j.impl.StaticLoggerBinder".
2024-02-21 00:02:13,218 [ERROR] LogOutputStream:75 - [STDERR_REDIRECT] SLF4J: Defaulting to no-operation (NOP) logger implementation
2024-02-21 00:02:13,219 [ERROR] LogOutputStream:75 - [STDERR_REDIRECT] SLF4J: See http://www.slf4j.org/codes.html#StaticLoggerBinder for further details.
2024-02-21 00:16:36,852 [ERROR] ConfigurationRetriever:142 - IOException on connection: sw-center.st.com
2024-02-21 00:16:36,852 [ERROR] ConfigurationRetriever:142 - IOException on connection: sw-center.st.com
2024-02-21 00:16:36,861 [ERROR] ConfigurationRetriever:142 - IOException on connection: sw-center.st.com
2024-02-21 00:16:37,521 [ERROR] LogOutputStream:75 - [STDERR_REDIRECT] 
